<?xml version="1.0" encoding="UTF-8"?>
<!-- Generated by org.testng.reporters.JUnitReportReporter -->
<testsuite hostname="LAPTOP-0UACT0LM" failures="0" tests="1" name="IntelligenceBank.ContactUs.ContactUsTest" time="23.767" errors="0" timestamp="2023-05-04T11:57:00 IST" skipped="0">
  <testcase classname="IntelligenceBank.ContactUs.ContactUsTest" name="contactUsForm" time="23.767"/>
  <system-out/>
</testsuite> <!-- IntelligenceBank.ContactUs.ContactUsTest -->
